<?xml version="1.0" encoding="UTF-8"?>
<coverage generated="1757984752">
  <project timestamp="1757984752">
    <file name="/media/sf_php-project-48/src/Differ.php">
      <line num="13" type="stmt" count="10"/>
      <line num="14" type="stmt" count="10"/>
      <line num="16" type="stmt" count="10"/>
      <line num="17" type="stmt" count="10"/>
      <line num="23" type="stmt" count="10"/>
      <line num="28" type="stmt" count="10"/>
      <line num="33" type="stmt" count="10"/>
      <line num="34" type="stmt" count="10"/>
      <line num="35" type="stmt" count="0"/>
      <line num="37" type="stmt" count="10"/>
      <line num="42" type="stmt" count="10"/>
      <line num="44" type="stmt" count="10"/>
      <line num="45" type="stmt" count="0"/>
      <line num="47" type="stmt" count="10"/>
      <line num="52" type="stmt" count="10"/>
      <line num="53" type="stmt" count="10"/>
      <line num="55" type="stmt" count="10"/>
      <line num="56" type="stmt" count="10"/>
      <line num="57" type="stmt" count="10"/>
      <line num="59" type="stmt" count="10"/>
      <line num="60" type="stmt" count="10"/>
      <line num="63" type="stmt" count="10"/>
      <line num="64" type="stmt" count="10"/>
      <line num="67" type="stmt" count="10"/>
      <line num="68" type="stmt" count="10"/>
      <line num="70" type="stmt" count="10"/>
      <line num="71" type="stmt" count="10"/>
      <line num="72" type="stmt" count="10"/>
      <line num="73" type="stmt" count="10"/>
      <line num="74" type="stmt" count="10"/>
      <line num="75" type="stmt" count="10"/>
      <line num="78" type="stmt" count="10"/>
      <line num="79" type="stmt" count="10"/>
      <line num="82" type="stmt" count="10"/>
      <line num="83" type="stmt" count="10"/>
      <line num="88" type="stmt" count="10"/>
      <line num="89" type="stmt" count="10"/>
      <line num="90" type="stmt" count="10"/>
      <metrics loc="92" ncloc="92" classes="0" methods="0" coveredmethods="0" conditionals="0" coveredconditionals="0" statements="38" coveredstatements="36" elements="38" coveredelements="36"/>
    </file>
    <file name="/media/sf_php-project-48/src/Formatter.php">
      <line num="14" type="stmt" count="10"/>
      <line num="15" type="stmt" count="6"/>
      <line num="16" type="stmt" count="4"/>
      <line num="17" type="stmt" count="3"/>
      <line num="18" type="stmt" count="1"/>
      <line num="19" type="stmt" count="1"/>
      <line num="21" type="stmt" count="0"/>
      <metrics loc="24" ncloc="24" classes="0" methods="0" coveredmethods="0" conditionals="0" coveredconditionals="0" statements="7" coveredstatements="6" elements="7" coveredelements="6"/>
    </file>
    <file name="/media/sf_php-project-48/src/Formatter/Json.php">
      <line num="7" type="stmt" count="1"/>
      <metrics loc="9" ncloc="9" classes="0" methods="0" coveredmethods="0" conditionals="0" coveredconditionals="0" statements="1" coveredstatements="1" elements="1" coveredelements="1"/>
    </file>
    <file name="/media/sf_php-project-48/src/Formatter/Plain.php">
      <line num="7" type="stmt" count="3"/>
      <line num="8" type="stmt" count="3"/>
      <line num="13" type="stmt" count="3"/>
      <line num="14" type="stmt" count="3"/>
      <line num="16" type="stmt" count="3"/>
      <line num="17" type="stmt" count="3"/>
      <line num="18" type="stmt" count="3"/>
      <line num="19" type="stmt" count="3"/>
      <line num="20" type="stmt" count="3"/>
      <line num="21" type="stmt" count="3"/>
      <line num="22" type="stmt" count="3"/>
      <line num="23" type="stmt" count="3"/>
      <line num="24" type="stmt" count="3"/>
      <line num="26" type="stmt" count="3"/>
      <line num="28" type="stmt" count="3"/>
      <line num="33" type="stmt" count="3"/>
      <line num="34" type="stmt" count="3"/>
      <line num="37" type="stmt" count="3"/>
      <line num="38" type="stmt" count="3"/>
      <line num="41" type="stmt" count="3"/>
      <line num="42" type="stmt" count="3"/>
      <line num="45" type="stmt" count="3"/>
      <line num="46" type="stmt" count="3"/>
      <line num="49" type="stmt" count="0"/>
      <metrics loc="51" ncloc="51" classes="0" methods="0" coveredmethods="0" conditionals="0" coveredconditionals="0" statements="24" coveredstatements="23" elements="24" coveredelements="23"/>
    </file>
    <file name="/media/sf_php-project-48/src/Formatter/Stylish.php">
      <line num="7" type="stmt" count="6"/>
      <line num="8" type="stmt" count="6"/>
      <line num="10" type="stmt" count="6"/>
      <line num="11" type="stmt" count="6"/>
      <line num="13" type="stmt" count="6"/>
      <line num="14" type="stmt" count="6"/>
      <line num="15" type="stmt" count="6"/>
      <line num="16" type="stmt" count="6"/>
      <line num="17" type="stmt" count="6"/>
      <line num="18" type="stmt" count="6"/>
      <line num="19" type="stmt" count="6"/>
      <line num="20" type="stmt" count="6"/>
      <line num="21" type="stmt" count="6"/>
      <line num="22" type="stmt" count="6"/>
      <line num="23" type="stmt" count="6"/>
      <line num="24" type="stmt" count="6"/>
      <line num="25" type="stmt" count="6"/>
      <line num="26" type="stmt" count="6"/>
      <line num="27" type="stmt" count="6"/>
      <line num="28" type="stmt" count="6"/>
      <line num="29" type="stmt" count="6"/>
      <line num="30" type="stmt" count="6"/>
      <line num="31" type="stmt" count="6"/>
      <line num="32" type="stmt" count="6"/>
      <line num="33" type="stmt" count="6"/>
      <line num="34" type="stmt" count="6"/>
      <line num="35" type="stmt" count="6"/>
      <line num="36" type="stmt" count="6"/>
      <line num="38" type="stmt" count="0"/>
      <line num="40" type="stmt" count="6"/>
      <line num="42" type="stmt" count="6"/>
      <line num="43" type="stmt" count="6"/>
      <line num="48" type="stmt" count="6"/>
      <line num="49" type="stmt" count="6"/>
      <line num="52" type="stmt" count="6"/>
      <line num="53" type="stmt" count="6"/>
      <line num="56" type="stmt" count="6"/>
      <line num="57" type="stmt" count="6"/>
      <line num="58" type="stmt" count="6"/>
      <line num="59" type="stmt" count="6"/>
      <line num="61" type="stmt" count="6"/>
      <line num="62" type="stmt" count="6"/>
      <line num="63" type="stmt" count="6"/>
      <line num="64" type="stmt" count="6"/>
      <line num="66" type="stmt" count="6"/>
      <line num="67" type="stmt" count="0"/>
      <line num="70" type="stmt" count="6"/>
      <line num="73" type="stmt" count="6"/>
      <metrics loc="75" ncloc="75" classes="0" methods="0" coveredmethods="0" conditionals="0" coveredconditionals="0" statements="48" coveredstatements="46" elements="48" coveredelements="46"/>
    </file>
    <file name="/media/sf_php-project-48/src/Parsers.php">
      <line num="11" type="stmt" count="10"/>
      <line num="12" type="stmt" count="4"/>
      <line num="13" type="stmt" count="6"/>
      <line num="14" type="stmt" count="3"/>
      <line num="15" type="stmt" count="6"/>
      <line num="17" type="stmt" count="0"/>
      <metrics loc="20" ncloc="20" classes="0" methods="0" coveredmethods="0" conditionals="0" coveredconditionals="0" statements="6" coveredstatements="5" elements="6" coveredelements="5"/>
    </file>
    <metrics files="6" loc="271" ncloc="271" classes="0" methods="0" coveredmethods="0" conditionals="0" coveredconditionals="0" statements="124" coveredstatements="117" elements="124" coveredelements="117"/>
  </project>
</coverage>
